writeCommonTags: couldn't write 'track' tag to 'iTunes Music/Wicked - Original Wicked Cast/01 No One Mourns the Wicked.m4a' as it's not a positive integer
writeCommonTags: couldn't write 'track' tag to 'iTunes Music/Wicked - Original Wicked Cast/02 Dear Old Shiz.m4a' as it's not a positive integer
writeCommonTags: couldn't write 'track' tag to 'iTunes Music/Wicked - Original Wicked Cast/01 No One Mourns the Wicked.m4a' as it's not a positive integer
writeCommonTags: couldn't write 'track' tag to 'iTunes Music/Wicked - Original Wicked Cast/02 Dear Old Shiz.m4a' as it's not a positive integer
writeCommonTags: couldn't write 'track' tag to 'iTunes Music/Wicked - Original Wicked Cast/03 The Wizard and I.m4a' as it's not a positive integer
writeCommonTags: couldn't write 'track' tag to 'iTunes Music/Wicked - Original Wicked Cast/04 What Is This Feeling_.m4a' as it's not a positive integer
writeCommonTags: couldn't write 'track' tag to 'iTunes Music/Wicked - Original Wicked Cast/05 Something Bad.m4a' as it's not a positive integer
writeCommonTags: couldn't write 'track' tag to 'iTunes Music/Wicked - Original Wicked Cast/06 Dancing Through Life.m4a' as it's not a positive integer
writeCommonTags: couldn't write 'track' tag to 'iTunes Music/Wicked - Original Wicked Cast/07 Popular.m4a' as it's not a positive integer
writeCommonTags: couldn't write 'track' tag to 'iTunes Music/Wicked - Original Wicked Cast/08 I'm Not That Girl.m4a' as it's not a positive integer
writeCommonTags: couldn't write 'track' tag to 'iTunes Music/Wicked - Original Wicked Cast/09 One Short Day.m4a' as it's not a positive integer
writeCommonTags: couldn't write 'track' tag to 'iTunes Music/Wicked - Original Wicked Cast/10 A Sentimental Man.m4a' as it's not a positive integer
writeCommonTags: couldn't write 'track' tag to 'iTunes Music/Wicked - Original Wicked Cast/11 Defying Gravity.m4a' as it's not a positive integer
writeCommonTags: couldn't write 'track' tag to 'iTunes Music/Wicked - Original Wicked Cast/12 Thank Goodness.m4a' as it's not a positive integer
writeCommonTags: couldn't write 'track' tag to 'iTunes Music/Wicked - Original Wicked Cast/13 Wonderful.m4a' as it's not a positive integer
writeCommonTags: couldn't write 'track' tag to 'iTunes Music/Wicked - Original Wicked Cast/14 I'm Not That Girl (Reprise).m4a' as it's not a positive integer
writeCommonTags: couldn't write 'track' tag to 'iTunes Music/Wicked - Original Wicked Cast/15 As Long As You're Mine.m4a' as it's not a positive integer
writeCommonTags: couldn't write 'track' tag to 'iTunes Music/Wicked - Original Wicked Cast/16 No Good Deed.m4a' as it's not a positive integer
writeCommonTags: couldn't write 'track' tag to 'iTunes Music/Wicked - Original Wicked Cast/17 March of the Witch Hunters.m4a' as it's not a positive integer
writeCommonTags: couldn't write 'track' tag to 'iTunes Music/Wicked - Original Wicked Cast/18 For Good.m4a' as it's not a positive integer
writeCommonTags: couldn't write 'track' tag to 'iTunes Music/Wicked - Original Wicked Cast/19 Finale _Wicked_.m4a' as it's not a positive integer
writeCommonTags: couldn't write 'track' tag to 'iTunes Music/Bad Religion/True North - Single/01 True North.m4a' as it's not a positive integer
writeCommonTags: couldn't write 'track' tag to 'iTunes Music/Celldweller/Wish Upon a Blackstar (Deluxe Edition)/1-01 The Arrival.m4a' as it's not a positive integer
writeCommonTags: couldn't write 'track' tag to 'iTunes Music/Celldweller/Wish Upon a Blackstar (Deluxe Edition)/1-02 It Makes No Difference Who We A.m4a' as it's not a positive integer
writeCommonTags: couldn't write 'track' tag to 'iTunes Music/Celldweller/Wish Upon a Blackstar (Deluxe Edition)/1-03 Blackstar.m4a' as it's not a positive integer
writeCommonTags: couldn't write 'track' tag to 'iTunes Music/Celldweller/Wish Upon a Blackstar (Deluxe Edition)/1-04 Louder Than Words.m4a' as it's not a positive integer
writeCommonTags: couldn't write 'track' tag to 'iTunes Music/Celldweller/Wish Upon a Blackstar (Deluxe Edition)/1-05 The Lucky One.m4a' as it's not a positive integer
writeCommonTags: couldn't write 'track' tag to 'iTunes Music/Celldweller/Wish Upon a Blackstar (Deluxe Edition)/1-06 Unshakeable.m4a' as it's not a positive integer
writeCommonTags: couldn't write 'track' tag to 'iTunes Music/Celldweller/Wish Upon a Blackstar (Deluxe Edition)/1-07 I Can't Wait.m4a' as it's not a positive integer
writeCommonTags: couldn't write 'track' tag to 'iTunes Music/Celldweller/Wish Upon a Blackstar (Deluxe Edition)/1-08 Eon.m4a' as it's not a positive integer
writeCommonTags: couldn't write 'track' tag to 'iTunes Music/Celldweller/Wish Upon a Blackstar (Deluxe Edition)/1-09 So Long Sentiment.m4a' as it's not a positive integer
writeCommonTags: couldn't write 'track' tag to 'iTunes Music/Celldweller/Wish Upon a Blackstar (Deluxe Edition)/1-10 Gift for You.m4a' as it's not a positive integer
writeCommonTags: couldn't write 'track' tag to 'iTunes Music/Celldweller/Wish Upon a Blackstar (Deluxe Edition)/1-11 The Seven Sisters.m4a' as it's not a positive integer
writeCommonTags: couldn't write 'track' tag to 'iTunes Music/Celldweller/Wish Upon a Blackstar (Deluxe Edition)/1-12 The Best It's Gonna Get.m4a' as it's not a positive integer
writeCommonTags: couldn't write 'track' tag to 'iTunes Music/Celldweller/Wish Upon a Blackstar (Deluxe Edition)/1-13 Memories of a Girl I Haven't Me.m4a' as it's not a positive integer
writeCommonTags: couldn't write 'track' tag to 'iTunes Music/Celldweller/Wish Upon a Blackstar (Deluxe Edition)/1-14 Birthright.m4a' as it's not a positive integer
writeCommonTags: couldn't write 'track' tag to 'iTunes Music/Celldweller/Wish Upon a Blackstar (Deluxe Edition)/1-15 Tainted.m4a' as it's not a positive integer
writeCommonTags: couldn't write 'track' tag to 'iTunes Music/Celldweller/Wish Upon a Blackstar (Deluxe Edition)/1-16 Against the Tide.m4a' as it's not a positive integer
writeCommonTags: couldn't write 'track' tag to 'iTunes Music/Celldweller/Wish Upon a Blackstar (Deluxe Edition)/1-17 The Departure.m4a' as it's not a positive integer
writeCommonTags: couldn't write 'track' tag to 'iTunes Music/Celldweller/Wish Upon a Blackstar (Deluxe Edition)/2-01 Unshakeable (Instrumental).m4a' as it's not a positive integer
writeCommonTags: couldn't write 'track' tag to 'iTunes Music/Celldweller/Wish Upon a Blackstar (Deluxe Edition)/2-02 Blackstar (Instrumental).m4a' as it's not a positive integer
writeCommonTags: couldn't write 'track' tag to 'iTunes Music/Celldweller/Wish Upon a Blackstar (Deluxe Edition)/2-03 Eon (Instrumental).m4a' as it's not a positive integer
writeCommonTags: couldn't write 'track' tag to 'iTunes Music/Celldweller/Wish Upon a Blackstar (Deluxe Edition)/2-04 Louder Than Words (Instrumental.m4a' as it's not a positive integer
writeCommonTags: couldn't write 'track' tag to 'iTunes Music/Celldweller/Wish Upon a Blackstar (Deluxe Edition)/2-05 Memories of a Girl I Haven't Me.m4a' as it's not a positive integer
writeCommonTags: couldn't write 'track' tag to 'iTunes Music/Celldweller/Wish Upon a Blackstar (Deluxe Edition)/2-06 I Can't Wait (Instrumental).m4a' as it's not a positive integer
writeCommonTags: couldn't write 'track' tag to 'iTunes Music/Celldweller/Wish Upon a Blackstar (Deluxe Edition)/2-07 Gift for You (Instrumental).m4a' as it's not a positive integer
writeCommonTags: couldn't write 'track' tag to 'iTunes Music/Celldweller/Wish Upon a Blackstar (Deluxe Edition)/2-08 The Lucky One (Instrumental).m4a' as it's not a positive integer
writeCommonTags: couldn't write 'track' tag to 'iTunes Music/Celldweller/Wish Upon a Blackstar (Deluxe Edition)/2-09 The Seven Sisters (Instrumental.m4a' as it's not a positive integer
writeCommonTags: couldn't write 'track' tag to 'iTunes Music/Celldweller/Wish Upon a Blackstar (Deluxe Edition)/2-10 Birthright (Instrumental).m4a' as it's not a positive integer
writeCommonTags: couldn't write 'track' tag to 'iTunes Music/Celldweller/Wish Upon a Blackstar (Deluxe Edition)/2-11 It Makes No Difference Who We A.m4a' as it's not a positive integer
writeCommonTags: couldn't write 'track' tag to 'iTunes Music/Celldweller/Wish Upon a Blackstar (Deluxe Edition)/2-12 The Best It's Gonna Get (Instru.m4a' as it's not a positive integer
writeCommonTags: couldn't write 'track' tag to 'iTunes Music/Celldweller/Wish Upon a Blackstar (Deluxe Edition)/2-13 So Long Sentiment (Instrumental.m4a' as it's not a positive integer
writeCommonTags: couldn't write 'track' tag to 'iTunes Music/Celldweller/Wish Upon a Blackstar (Deluxe Edition)/2-14 Tainted (Instrumental).m4a' as it's not a positive integer
writeCommonTags: couldn't write 'track' tag to 'iTunes Music/Celldweller/Wish Upon a Blackstar (Deluxe Edition)/2-15 Against the Tide (Instrumental).m4a' as it's not a positive integer
writeCommonTags: couldn't write 'track' tag to 'iTunes Music/Fall Out Boy/American Beauty _ American Psycho/01 Irresistible.m4a' as it's not a positive integer
writeCommonTags: couldn't write 'track' tag to 'iTunes Music/Fall Out Boy/American Beauty _ American Psycho/02 American Beauty _ American Psycho.m4a' as it's not a positive integer
writeCommonTags: couldn't write 'track' tag to 'iTunes Music/Fall Out Boy/American Beauty _ American Psycho/03 Centuries.m4a' as it's not a positive integer
writeCommonTags: couldn't write 'track' tag to 'iTunes Music/Fall Out Boy/American Beauty _ American Psycho/04 The Kids Aren't Alright.m4a' as it's not a positive integer
writeCommonTags: couldn't write 'track' tag to 'iTunes Music/Fall Out Boy/American Beauty _ American Psycho/05 Uma Thurman.m4a' as it's not a positive integer
writeCommonTags: couldn't write 'track' tag to 'iTunes Music/Fall Out Boy/American Beauty _ American Psycho/06 Jet Pack Blues.m4a' as it's not a positive integer
writeCommonTags: couldn't write 'track' tag to 'iTunes Music/Fall Out Boy/American Beauty _ American Psycho/07 Novocaine.m4a' as it's not a positive integer
writeCommonTags: couldn't write 'track' tag to 'iTunes Music/Fall Out Boy/American Beauty _ American Psycho/08 Fourth of July.m4a' as it's not a positive integer
writeCommonTags: couldn't write 'track' tag to 'iTunes Music/Fall Out Boy/American Beauty _ American Psycho/09 Favorite Record.m4a' as it's not a positive integer
writeCommonTags: couldn't write 'track' tag to 'iTunes Music/Fall Out Boy/American Beauty _ American Psycho/10 Immortals.m4a' as it's not a positive integer
writeCommonTags: couldn't write 'track' tag to 'iTunes Music/Fall Out Boy/American Beauty _ American Psycho/11 Twin Skeleton's (Hotel In NYC).m4a' as it's not a positive integer
writeCommonTags: couldn't write 'track' tag to 'iTunes Music/Fall Out Boy/Save Rock and Roll/01 The Phoenix.m4a' as it's not a positive integer
writeCommonTags: couldn't write 'track' tag to 'iTunes Music/Fall Out Boy/Save Rock and Roll/02 My Songs Know What You Did In the.m4a' as it's not a positive integer
writeCommonTags: couldn't write 'track' tag to 'iTunes Music/Fall Out Boy/Save Rock and Roll/03 Alone Together.m4a' as it's not a positive integer
writeCommonTags: couldn't write 'track' tag to 'iTunes Music/Fall Out Boy/Save Rock and Roll/04 Where Did the Party Go.m4a' as it's not a positive integer
writeCommonTags: couldn't write 'track' tag to 'iTunes Music/Fall Out Boy/Save Rock and Roll/05 Just One Yesterday (feat. Foxes).m4a' as it's not a positive integer
writeCommonTags: couldn't write 'track' tag to 'iTunes Music/Fall Out Boy/Save Rock and Roll/06 The Mighty Fall (feat. Big Sean).m4a' as it's not a positive integer
writeCommonTags: couldn't write 'track' tag to 'iTunes Music/Fall Out Boy/Save Rock and Roll/07 Miss Missing You.m4a' as it's not a positive integer
writeCommonTags: couldn't write 'track' tag to 'iTunes Music/Fall Out Boy/Save Rock and Roll/08 Death Valley.m4a' as it's not a positive integer
writeCommonTags: couldn't write 'track' tag to 'iTunes Music/Fall Out Boy/Save Rock and Roll/09 Young Volcanoes.m4a' as it's not a positive integer
writeCommonTags: couldn't write 'track' tag to 'iTunes Music/Fall Out Boy/Save Rock and Roll/10 Rat a Tat (feat. Courtney Love).m4a' as it's not a positive integer
writeCommonTags: couldn't write 'track' tag to 'iTunes Music/Fall Out Boy/Save Rock and Roll/11 Save Rock and Roll (feat. Elton J.m4a' as it's not a positive integer
writeCommonTags: couldn't write 'track' tag to 'iTunes Music/Gregory and The Hawk/The Boats&birds Ep/01 Boats & Birds.m4a' as it's not a positive integer
writeCommonTags: couldn't write 'track' tag to 'iTunes Music/Gregory and The Hawk/The Boats&birds Ep/02 Avalanche! Oh, Avalanche!.m4a' as it's not a positive integer
writeCommonTags: couldn't write 'track' tag to 'iTunes Music/Gregory and The Hawk/The Boats&birds Ep/03 In Fact (the Carousel Remix).m4a' as it's not a positive integer
writeCommonTags: couldn't write 'track' tag to 'iTunes Music/Gregory and The Hawk/The Boats&birds Ep/04 A Wish.m4a' as it's not a positive integer
writeCommonTags: couldn't write 'track' tag to 'iTunes Music/Gregory and The Hawk/The Boats&birds Ep/05 Isabelle.m4a' as it's not a positive integer
writeCommonTags: couldn't write 'track' tag to 'iTunes Music/Gregory and The Hawk/The Boats&birds Ep/06 Fin Song 8 (orange River Remix).m4a' as it's not a positive integer
writeCommonTags: couldn't write 'track' tag to 'iTunes Music/Lana Del Rey/Born to Die/04 Video Games.m4a' as it's not a positive integer
writeCommonTags: couldn't write 'track' tag to 'iTunes Music/Lions Lions/To Carve Our Names/01 Milestones.m4a' as it's not a positive integer
writeCommonTags: couldn't write 'track' tag to 'iTunes Music/Lions Lions/To Carve Our Names/02 Undertow.m4a' as it's not a positive integer
writeCommonTags: couldn't write 'track' tag to 'iTunes Music/Lions Lions/To Carve Our Names/03 Stable As Stone.m4a' as it's not a positive integer
writeCommonTags: couldn't write 'track' tag to 'iTunes Music/Lions Lions/To Carve Our Names/04 White Flag.m4a' as it's not a positive integer
writeCommonTags: couldn't write 'track' tag to 'iTunes Music/Lions Lions/To Carve Our Names/05 The Right Steps.m4a' as it's not a positive integer
writeCommonTags: couldn't write 'track' tag to 'iTunes Music/Lions Lions/To Carve Our Names/06 Carry On.m4a' as it's not a positive integer
writeCommonTags: couldn't write 'track' tag to 'iTunes Music/Lions Lions/To Carve Our Names/07 Losing Balance.m4a' as it's not a positive integer
writeCommonTags: couldn't write 'track' tag to 'iTunes Music/Lions Lions/To Carve Our Names/08 Grounded.m4a' as it's not a positive integer
writeCommonTags: couldn't write 'track' tag to 'iTunes Music/Lions Lions/To Carve Our Names/09 Rescue.m4a' as it's not a positive integer
writeCommonTags: couldn't write 'track' tag to 'iTunes Music/Lions Lions/To Carve Our Names/10 Letting Go.m4a' as it's not a positive integer
writeCommonTags: couldn't write 'track' tag to 'iTunes Music/Lions Lions/To Carve Our Names/11 Our Colors.m4a' as it's not a positive integer
writeCommonTags: couldn't write 'track' tag to 'iTunes Music/Lions Lions/To Carve Our Names/12 Drifting.m4a' as it's not a positive integer
writeCommonTags: couldn't write 'track' tag to 'iTunes Music/Local Natives/Gorilla Manor/01 Wide Eyes.m4a' as it's not a positive integer
writeCommonTags: couldn't write 'track' tag to 'iTunes Music/Local Natives/Gorilla Manor/02 Airplanes.m4a' as it's not a positive integer
writeCommonTags: couldn't write 'track' tag to 'iTunes Music/Local Natives/Gorilla Manor/03 Sun Hands.m4a' as it's not a positive integer
writeCommonTags: couldn't write 'track' tag to 'iTunes Music/Local Natives/Gorilla Manor/04 World News.m4a' as it's not a positive integer
writeCommonTags: couldn't write 'track' tag to 'iTunes Music/Local Natives/Gorilla Manor/05 Shape Shifter.m4a' as it's not a positive integer
writeCommonTags: couldn't write 'track' tag to 'iTunes Music/Local Natives/Gorilla Manor/06 Camera Talk.m4a' as it's not a positive integer
writeCommonTags: couldn't write 'track' tag to 'iTunes Music/Local Natives/Gorilla Manor/07 Cards & Quarters.m4a' as it's not a positive integer
writeCommonTags: couldn't write 'track' tag to 'iTunes Music/Local Natives/Gorilla Manor/08 Warning Sign.m4a' as it's not a positive integer
writeCommonTags: couldn't write 'track' tag to 'iTunes Music/Local Natives/Gorilla Manor/09 Who Knows Who Cares.m4a' as it's not a positive integer
writeCommonTags: couldn't write 'track' tag to 'iTunes Music/Local Natives/Gorilla Manor/10 Cubism Dream.m4a' as it's not a positive integer
writeCommonTags: couldn't write 'track' tag to 'iTunes Music/Local Natives/Gorilla Manor/11 Stranger Things.m4a' as it's not a positive integer
writeCommonTags: couldn't write 'track' tag to 'iTunes Music/Local Natives/Gorilla Manor/12 Sticky Thread.m4a' as it's not a positive integer
writeCommonTags: couldn't write 'track' tag to 'iTunes Music/Local Natives/Gorilla Manor/13 Sun Hands (KEXP Session).m4a' as it's not a positive integer
writeCommonTags: couldn't write 'track' tag to 'iTunes Music/Local Natives/Gorilla Manor/14 Camera Talk (KEXP Session).m4a' as it's not a positive integer
writeCommonTags: couldn't write 'track' tag to 'iTunes Music/Local Natives/Hummingbird (Deluxe Version)/01 You & I.m4a' as it's not a positive integer
writeCommonTags: couldn't write 'track' tag to 'iTunes Music/Local Natives/Hummingbird (Deluxe Version)/02 Heavy Feet.m4a' as it's not a positive integer
writeCommonTags: couldn't write 'track' tag to 'iTunes Music/Local Natives/Hummingbird (Deluxe Version)/03 Ceilings.m4a' as it's not a positive integer
writeCommonTags: couldn't write 'track' tag to 'iTunes Music/Local Natives/Hummingbird (Deluxe Version)/04 Black Spot.m4a' as it's not a positive integer
writeCommonTags: couldn't write 'track' tag to 'iTunes Music/Local Natives/Hummingbird (Deluxe Version)/05 Breakers.m4a' as it's not a positive integer
writeCommonTags: couldn't write 'track' tag to 'iTunes Music/Local Natives/Hummingbird (Deluxe Version)/06 Three Months.m4a' as it's not a positive integer
writeCommonTags: couldn't write 'track' tag to 'iTunes Music/Local Natives/Hummingbird (Deluxe Version)/07 Black Balloons.m4a' as it's not a positive integer
writeCommonTags: couldn't write 'track' tag to 'iTunes Music/Local Natives/Hummingbird (Deluxe Version)/08 Wooly Mammoth.m4a' as it's not a positive integer
writeCommonTags: couldn't write 'track' tag to 'iTunes Music/Local Natives/Hummingbird (Deluxe Version)/09 Mt. Washington.m4a' as it's not a positive integer
writeCommonTags: couldn't write 'track' tag to 'iTunes Music/Local Natives/Hummingbird (Deluxe Version)/10 Colombia.m4a' as it's not a positive integer
writeCommonTags: couldn't write 'track' tag to 'iTunes Music/Local Natives/Hummingbird (Deluxe Version)/11 Bowery.m4a' as it's not a positive integer
writeCommonTags: couldn't write 'track' tag to 'iTunes Music/Local Natives/Hummingbird (Deluxe Version)/12 Palms (Bonus Track).m4a' as it's not a positive integer
writeCommonTags: couldn't write 'track' tag to 'iTunes Music/Local Natives/Hummingbird (Deluxe Version)/13 11-11 (Bonus Track).m4a' as it's not a positive integer
writeCommonTags: couldn't write 'track' tag to 'iTunes Music/Local Natives/Hummingbird (Deluxe Version)/14 Ingrid (Bonus Track).m4a' as it's not a positive integer
writeCommonTags: couldn't write 'track' tag to 'iTunes Music/Mansions/New Best Friends/01 I Told a Lie.m4a' as it's not a positive integer
writeCommonTags: couldn't write 'track' tag to 'iTunes Music/Mansions/New Best Friends/02 Talk Talk Talk.m4a' as it's not a positive integer
writeCommonTags: couldn't write 'track' tag to 'iTunes Music/Mansions/New Best Friends/03 Por Favor Is Spanish.m4a' as it's not a positive integer
writeCommonTags: couldn't write 'track' tag to 'iTunes Music/Mansions/New Best Friends/04 Holidaze.m4a' as it's not a positive integer
writeCommonTags: couldn't write 'track' tag to 'iTunes Music/Mansions/New Best Friends/05 Curacao Blue.m4a' as it's not a positive integer
writeCommonTags: couldn't write 'track' tag to 'iTunes Music/Mansions/New Best Friends/06 Insulated.m4a' as it's not a positive integer
writeCommonTags: couldn't write 'track' tag to 'iTunes Music/Mansions/New Best Friends/07 Take It Back.m4a' as it's not a positive integer
writeCommonTags: couldn't write 'track' tag to 'iTunes Music/Mansions/New Best Friends/08 Gotta Be Alone.m4a' as it's not a positive integer
writeCommonTags: couldn't write 'track' tag to 'iTunes Music/Mansions/New Best Friends/09 The Worst Part.m4a' as it's not a positive integer
writeCommonTags: couldn't write 'track' tag to 'iTunes Music/Mansions/New Best Friends/10 Substitute Angel.m4a' as it's not a positive integer
writeCommonTags: couldn't write 'track' tag to 'iTunes Music/Mansions/New Best Friends/11 Millions of Pieces.m4a' as it's not a positive integer
writeCommonTags: couldn't write 'track' tag to 'iTunes Music/Mansions/New Best Friends/12 All Eyes on You.m4a' as it's not a positive integer
writeCommonTags: couldn't write 'track' tag to 'iTunes Music/Muse/Origin of Symmetry/08 Feeling Good.m4a' as it's not a positive integer
writeCommonTags: couldn't write 'track' tag to 'iTunes Music/Panic! At the Disco/Too Weird To Live, Too Rare To Die!/01 This Is Gospel.m4a' as it's not a positive integer
writeCommonTags: couldn't write 'track' tag to 'iTunes Music/Panic! At the Disco/Too Weird To Live, Too Rare To Die!/02 Miss Jackson (feat. LOLO).m4a' as it's not a positive integer
writeCommonTags: couldn't write 'track' tag to 'iTunes Music/Panic! At the Disco/Too Weird To Live, Too Rare To Die!/03 Vegas Lights.m4a' as it's not a positive integer
writeCommonTags: couldn't write 'track' tag to 'iTunes Music/Panic! At the Disco/Too Weird To Live, Too Rare To Die!/04 Girl That You Love.m4a' as it's not a positive integer
writeCommonTags: couldn't write 'track' tag to 'iTunes Music/Panic! At the Disco/Too Weird To Live, Too Rare To Die!/05 Nicotine.m4a' as it's not a positive integer
writeCommonTags: couldn't write 'track' tag to 'iTunes Music/Panic! At the Disco/Too Weird To Live, Too Rare To Die!/06 Girls_Girls_Boys.m4a' as it's not a positive integer
writeCommonTags: couldn't write 'track' tag to 'iTunes Music/Panic! At the Disco/Too Weird To Live, Too Rare To Die!/07 Casual Affair.m4a' as it's not a positive integer
writeCommonTags: couldn't write 'track' tag to 'iTunes Music/Panic! At the Disco/Too Weird To Live, Too Rare To Die!/08 Far Too Young To Die.m4a' as it's not a positive integer
writeCommonTags: couldn't write 'track' tag to 'iTunes Music/Panic! At the Disco/Too Weird To Live, Too Rare To Die!/09 Collar Full.m4a' as it's not a positive integer
writeCommonTags: couldn't write 'track' tag to 'iTunes Music/Panic! At the Disco/Too Weird To Live, Too Rare To Die!/10 The End of All Things.m4a' as it's not a positive integer
writeCommonTags: couldn't write 'track' tag to 'iTunes Music/Panic! At the Disco/Vices & Virtues (Deluxe Version)/01 The Ballad of Mona Lisa.m4a' as it's not a positive integer
writeCommonTags: couldn't write 'track' tag to 'iTunes Music/Panic! At the Disco/Vices & Virtues (Deluxe Version)/02 Let's Kill Tonight.m4a' as it's not a positive integer
writeCommonTags: couldn't write 'track' tag to 'iTunes Music/Panic! At the Disco/Vices & Virtues (Deluxe Version)/03 Hurricane.m4a' as it's not a positive integer
writeCommonTags: couldn't write 'track' tag to 'iTunes Music/Panic! At the Disco/Vices & Virtues (Deluxe Version)/04 Memories.m4a' as it's not a positive integer
writeCommonTags: couldn't write 'track' tag to 'iTunes Music/Panic! At the Disco/Vices & Virtues (Deluxe Version)/05 Trade Mistakes.m4a' as it's not a positive integer
writeCommonTags: couldn't write 'track' tag to 'iTunes Music/Panic! At the Disco/Vices & Virtues (Deluxe Version)/06 Ready to Go (Get Me Out of My Min.m4a' as it's not a positive integer
writeCommonTags: couldn't write 'track' tag to 'iTunes Music/Panic! At the Disco/Vices & Virtues (Deluxe Version)/07 Always.m4a' as it's not a positive integer
writeCommonTags: couldn't write 'track' tag to 'iTunes Music/Panic! At the Disco/Vices & Virtues (Deluxe Version)/08 The Calendar.m4a' as it's not a positive integer
writeCommonTags: couldn't write 'track' tag to 'iTunes Music/Panic! At the Disco/Vices & Virtues (Deluxe Version)/09 Sarah Smiles.m4a' as it's not a positive integer
writeCommonTags: couldn't write 'track' tag to 'iTunes Music/Panic! At the Disco/Vices & Virtues (Deluxe Version)/10 Nearly Witches (Ever Since We Met.m4a' as it's not a positive integer
writeCommonTags: couldn't write 'track' tag to 'iTunes Music/Panic! At the Disco/Vices & Virtues (Deluxe Version)/11 Stall Me (Bonus Track).m4a' as it's not a positive integer
writeCommonTags: couldn't write 'track' tag to 'iTunes Music/Panic! At the Disco/Vices & Virtues (Deluxe Version)/12 Oh Glory (Demo) [Bonus Track].m4a' as it's not a positive integer
writeCommonTags: couldn't write 'year' tag to 'iTunes Music/Panic! At the Disco/Vices & Virtues (Deluxe Version)/01 The Ballad of Mona Lisa.m4a' as it's not a positive integer
writeCommonTags: couldn't write 'track' tag to 'iTunes Music/Panic! At the Disco/Vices & Virtues (Deluxe Version)/01 The Ballad of Mona Lisa.m4a' as it's not a positive integer
writeCommonTags: couldn't write 'year' tag to 'iTunes Music/Panic! At the Disco/Vices & Virtues (Deluxe Version)/02 Let's Kill Tonight.m4a' as it's not a positive integer
writeCommonTags: couldn't write 'track' tag to 'iTunes Music/Panic! At the Disco/Vices & Virtues (Deluxe Version)/02 Let's Kill Tonight.m4a' as it's not a positive integer
writeCommonTags: couldn't write 'year' tag to 'iTunes Music/Panic! At the Disco/Vices & Virtues (Deluxe Version)/03 Hurricane.m4a' as it's not a positive integer
writeCommonTags: couldn't write 'track' tag to 'iTunes Music/Panic! At the Disco/Vices & Virtues (Deluxe Version)/03 Hurricane.m4a' as it's not a positive integer
writeCommonTags: couldn't write 'year' tag to 'iTunes Music/Panic! At the Disco/Vices & Virtues (Deluxe Version)/04 Memories.m4a' as it's not a positive integer
writeCommonTags: couldn't write 'track' tag to 'iTunes Music/Panic! At the Disco/Vices & Virtues (Deluxe Version)/04 Memories.m4a' as it's not a positive integer
writeCommonTags: couldn't write 'year' tag to 'iTunes Music/Panic! At the Disco/Vices & Virtues (Deluxe Version)/05 Trade Mistakes.m4a' as it's not a positive integer
writeCommonTags: couldn't write 'track' tag to 'iTunes Music/Panic! At the Disco/Vices & Virtues (Deluxe Version)/05 Trade Mistakes.m4a' as it's not a positive integer
writeCommonTags: couldn't write 'year' tag to 'iTunes Music/Panic! At the Disco/Vices & Virtues (Deluxe Version)/06 Ready to Go (Get Me Out of My Min.m4a' as it's not a positive integer
writeCommonTags: couldn't write 'track' tag to 'iTunes Music/Panic! At the Disco/Vices & Virtues (Deluxe Version)/06 Ready to Go (Get Me Out of My Min.m4a' as it's not a positive integer
writeCommonTags: couldn't write 'year' tag to 'iTunes Music/Panic! At the Disco/Vices & Virtues (Deluxe Version)/07 Always.m4a' as it's not a positive integer
writeCommonTags: couldn't write 'track' tag to 'iTunes Music/Panic! At the Disco/Vices & Virtues (Deluxe Version)/07 Always.m4a' as it's not a positive integer
writeCommonTags: couldn't write 'year' tag to 'iTunes Music/Panic! At the Disco/Vices & Virtues (Deluxe Version)/08 The Calendar.m4a' as it's not a positive integer
writeCommonTags: couldn't write 'track' tag to 'iTunes Music/Panic! At the Disco/Vices & Virtues (Deluxe Version)/08 The Calendar.m4a' as it's not a positive integer
writeCommonTags: couldn't write 'year' tag to 'iTunes Music/Panic! At the Disco/Vices & Virtues (Deluxe Version)/09 Sarah Smiles.m4a' as it's not a positive integer
writeCommonTags: couldn't write 'track' tag to 'iTunes Music/Panic! At the Disco/Vices & Virtues (Deluxe Version)/09 Sarah Smiles.m4a' as it's not a positive integer
writeCommonTags: couldn't write 'year' tag to 'iTunes Music/Panic! At the Disco/Vices & Virtues (Deluxe Version)/10 Nearly Witches (Ever Since We Met.m4a' as it's not a positive integer
writeCommonTags: couldn't write 'track' tag to 'iTunes Music/Panic! At the Disco/Vices & Virtues (Deluxe Version)/10 Nearly Witches (Ever Since We Met.m4a' as it's not a positive integer
writeCommonTags: couldn't write 'year' tag to 'iTunes Music/Panic! At the Disco/Vices & Virtues (Deluxe Version)/11 Stall Me (Bonus Track).m4a' as it's not a positive integer
writeCommonTags: couldn't write 'track' tag to 'iTunes Music/Panic! At the Disco/Vices & Virtues (Deluxe Version)/11 Stall Me (Bonus Track).m4a' as it's not a positive integer
writeCommonTags: couldn't write 'year' tag to 'iTunes Music/Panic! At the Disco/Vices & Virtues (Deluxe Version)/12 Oh Glory (Demo) [Bonus Track].m4a' as it's not a positive integer
writeCommonTags: couldn't write 'track' tag to 'iTunes Music/Panic! At the Disco/Vices & Virtues (Deluxe Version)/12 Oh Glory (Demo) [Bonus Track].m4a' as it's not a positive integer
writeCommonTags: couldn't write 'track' tag to 'iTunes Music/Panic! At the Disco/Vices & Virtues (Deluxe Version)/01 The Ballad of Mona Lisa.m4a' as it's not a positive integer
writeCommonTags: couldn't write 'track' tag to 'iTunes Music/Panic! At the Disco/Vices & Virtues (Deluxe Version)/02 Let's Kill Tonight.m4a' as it's not a positive integer
writeCommonTags: couldn't write 'track' tag to 'iTunes Music/Panic! At the Disco/Vices & Virtues (Deluxe Version)/03 Hurricane.m4a' as it's not a positive integer
writeCommonTags: couldn't write 'track' tag to 'iTunes Music/Panic! At the Disco/Vices & Virtues (Deluxe Version)/04 Memories.m4a' as it's not a positive integer
writeCommonTags: couldn't write 'track' tag to 'iTunes Music/Panic! At the Disco/Vices & Virtues (Deluxe Version)/05 Trade Mistakes.m4a' as it's not a positive integer
writeCommonTags: couldn't write 'track' tag to 'iTunes Music/Panic! At the Disco/Vices & Virtues (Deluxe Version)/06 Ready to Go (Get Me Out of My Min.m4a' as it's not a positive integer
writeCommonTags: couldn't write 'track' tag to 'iTunes Music/Panic! At the Disco/Vices & Virtues (Deluxe Version)/07 Always.m4a' as it's not a positive integer
writeCommonTags: couldn't write 'track' tag to 'iTunes Music/Panic! At the Disco/Vices & Virtues (Deluxe Version)/08 The Calendar.m4a' as it's not a positive integer
writeCommonTags: couldn't write 'track' tag to 'iTunes Music/Panic! At the Disco/Vices & Virtues (Deluxe Version)/09 Sarah Smiles.m4a' as it's not a positive integer
writeCommonTags: couldn't write 'track' tag to 'iTunes Music/Panic! At the Disco/Vices & Virtues (Deluxe Version)/10 Nearly Witches (Ever Since We Met.m4a' as it's not a positive integer
writeCommonTags: couldn't write 'track' tag to 'iTunes Music/Panic! At the Disco/Vices & Virtues (Deluxe Version)/11 Stall Me (Bonus Track).m4a' as it's not a positive integer
writeCommonTags: couldn't write 'track' tag to 'iTunes Music/Panic! At the Disco/Vices & Virtues (Deluxe Version)/12 Oh Glory (Demo) [Bonus Track].m4a' as it's not a positive integer
writeCommonTags: couldn't write 'track' tag to 'iTunes Music/Paramore/Paramore/01 Fast In My Car.m4a' as it's not a positive integer
writeCommonTags: couldn't write 'track' tag to 'iTunes Music/Paramore/Paramore/02 Now.m4a' as it's not a positive integer
writeCommonTags: couldn't write 'track' tag to 'iTunes Music/Paramore/Paramore/03 Grow Up.m4a' as it's not a positive integer
writeCommonTags: couldn't write 'track' tag to 'iTunes Music/Paramore/Paramore/04 Daydreaming.m4a' as it's not a positive integer
writeCommonTags: couldn't write 'track' tag to 'iTunes Music/Paramore/Paramore/05 Interlude_ Moving On.m4a' as it's not a positive integer
writeCommonTags: couldn't write 'track' tag to 'iTunes Music/Paramore/Paramore/06 Ain't It Fun.m4a' as it's not a positive integer
writeCommonTags: couldn't write 'track' tag to 'iTunes Music/Paramore/Paramore/07 Part II.m4a' as it's not a positive integer
writeCommonTags: couldn't write 'track' tag to 'iTunes Music/Paramore/Paramore/08 Last Hope.m4a' as it's not a positive integer
writeCommonTags: couldn't write 'track' tag to 'iTunes Music/Paramore/Paramore/09 Still Into You.m4a' as it's not a positive integer
writeCommonTags: couldn't write 'track' tag to 'iTunes Music/Paramore/Paramore/10 Anklebiters.m4a' as it's not a positive integer
writeCommonTags: couldn't write 'track' tag to 'iTunes Music/Paramore/Paramore/11 Interlude_ Holiday.m4a' as it's not a positive integer
writeCommonTags: couldn't write 'track' tag to 'iTunes Music/Paramore/Paramore/12 Proof.m4a' as it's not a positive integer
writeCommonTags: couldn't write 'track' tag to 'iTunes Music/Paramore/Paramore/13 Hate To See Your Heart Break.m4a' as it's not a positive integer
writeCommonTags: couldn't write 'track' tag to 'iTunes Music/Paramore/Paramore/14 (One of Those) Crazy Girls.m4a' as it's not a positive integer
writeCommonTags: couldn't write 'track' tag to 'iTunes Music/Paramore/Paramore/15 Interlude_ I'm Not Angry Anymore.m4a' as it's not a positive integer
writeCommonTags: couldn't write 'track' tag to 'iTunes Music/Paramore/Paramore/16 Be Alone.m4a' as it's not a positive integer
writeCommonTags: couldn't write 'track' tag to 'iTunes Music/Paramore/Paramore/17 Future.m4a' as it's not a positive integer
writeCommonTags: couldn't write 'track' tag to 'iTunes Music/Pentatonix/PTXmas - EP/01 Angels We Have Heard On High.m4a' as it's not a positive integer
writeCommonTags: couldn't write 'track' tag to 'iTunes Music/Pentatonix/PTXmas - EP/02 O Come, O Come Emmanuel.m4a' as it's not a positive integer
writeCommonTags: couldn't write 'track' tag to 'iTunes Music/Pentatonix/PTXmas - EP/03 Carol of the Bells.m4a' as it's not a positive integer
writeCommonTags: couldn't write 'track' tag to 'iTunes Music/Pentatonix/PTXmas - EP/04 The Christmas Song (Chestnuts Roa.m4a' as it's not a positive integer
writeCommonTags: couldn't write 'track' tag to 'iTunes Music/Pentatonix/PTXmas - EP/05 O Holy Night.m4a' as it's not a positive integer
writeCommonTags: couldn't write 'track' tag to 'iTunes Music/Pentatonix/PTXmas - EP/06 This Christmas.m4a' as it's not a positive integer
writeCommonTags: couldn't write 'track' tag to 'iTunes Music/Sleeping With Sirens/Feel/01 Feel.m4a' as it's not a positive integer
writeCommonTags: couldn't write 'track' tag to 'iTunes Music/Sleeping With Sirens/Feel/02 Here We Go.m4a' as it's not a positive integer
writeCommonTags: couldn't write 'track' tag to 'iTunes Music/Sleeping With Sirens/Feel/03 Free Now.m4a' as it's not a positive integer
writeCommonTags: couldn't write 'track' tag to 'iTunes Music/Sleeping With Sirens/Feel/04 Alone (feat. MGK).m4a' as it's not a positive integer
writeCommonTags: couldn't write 'track' tag to 'iTunes Music/Sleeping With Sirens/Feel/05 I'll Take You There (feat. Shayle.m4a' as it's not a positive integer
writeCommonTags: couldn't write 'track' tag to 'iTunes Music/Sleeping With Sirens/Feel/06 The Best There Ever Was (feat. Fr.m4a' as it's not a positive integer
writeCommonTags: couldn't write 'track' tag to 'iTunes Music/Sleeping With Sirens/Feel/07 Low.m4a' as it's not a positive integer
writeCommonTags: couldn't write 'track' tag to 'iTunes Music/Sleeping With Sirens/Feel/08 Congratulations (feat. Matty Mull.m4a' as it's not a positive integer
writeCommonTags: couldn't write 'track' tag to 'iTunes Music/Sleeping With Sirens/Feel/09 Déjà Vu.m4a' as it's not a positive integer
writeCommonTags: couldn't write 'track' tag to 'iTunes Music/Sleeping With Sirens/Feel/10 These Things I've Done.m4a' as it's not a positive integer
writeCommonTags: couldn't write 'track' tag to 'iTunes Music/Sleeping With Sirens/Feel/11 Sorry.m4a' as it's not a positive integer
writeCommonTags: couldn't write 'track' tag to 'iTunes Music/Sleeping With Sirens/Feel/12 Satellites.m4a' as it's not a positive integer
writeCommonTags: couldn't write 'track' tag to 'iTunes Music/The Great Gatsby (Music from Baz Luhrman/01 100$ Bill.m4a' as it's not a positive integer
writeCommonTags: couldn't write 'track' tag to 'iTunes Music/The Great Gatsby (Music from Baz Luhrman/02 Back to Black.m4a' as it's not a positive integer
writeCommonTags: couldn't write 'track' tag to 'iTunes Music/The Great Gatsby (Music from Baz Luhrman/03 Young and Beautiful.m4a' as it's not a positive integer
writeCommonTags: couldn't write 'track' tag to 'iTunes Music/The Great Gatsby (Music from Baz Luhrman/04 Love Is Blindness.m4a' as it's not a positive integer
writeCommonTags: couldn't write 'track' tag to 'iTunes Music/The Great Gatsby (Music from Baz Luhrman/05 Crazy In Love (Kid Koala Version).m4a' as it's not a positive integer
writeCommonTags: couldn't write 'track' tag to 'iTunes Music/The Great Gatsby (Music from Baz Luhrman/06 Bang Bang.m4a' as it's not a positive integer
writeCommonTags: couldn't write 'track' tag to 'iTunes Music/The Great Gatsby (Music from Baz Luhrman/07 _I Like Large Parties_.m4a' as it's not a positive integer
writeCommonTags: couldn't write 'track' tag to 'iTunes Music/The Great Gatsby (Music from Baz Luhrman/08 A Little Party Never Killed Nobod.m4a' as it's not a positive integer
writeCommonTags: couldn't write 'track' tag to 'iTunes Music/The Great Gatsby (Music from Baz Luhrman/09 Love Is the Drug.m4a' as it's not a positive integer
writeCommonTags: couldn't write 'track' tag to 'iTunes Music/The Great Gatsby (Music from Baz Luhrman/10 _Can't Repeat the Past__.m4a' as it's not a positive integer
writeCommonTags: couldn't write 'track' tag to 'iTunes Music/The Great Gatsby (Music from Baz Luhrman/11 Hearts a Mess.m4a' as it's not a positive integer
writeCommonTags: couldn't write 'track' tag to 'iTunes Music/The Great Gatsby (Music from Baz Luhrman/12 Where the Wind Blows.m4a' as it's not a positive integer
writeCommonTags: couldn't write 'track' tag to 'iTunes Music/The Great Gatsby (Music from Baz Luhrman/13 Green Light.m4a' as it's not a positive integer
writeCommonTags: couldn't write 'track' tag to 'iTunes Music/The Great Gatsby (Music from Baz Luhrman/14 No Church In the Wild (feat. Fran.m4a' as it's not a positive integer
writeCommonTags: couldn't write 'track' tag to 'iTunes Music/The Great Gatsby (Music from Baz Luhrman/15 Over the Love.m4a' as it's not a positive integer
writeCommonTags: couldn't write 'track' tag to 'iTunes Music/The Great Gatsby (Music from Baz Luhrman/16 Together.m4a' as it's not a positive integer
writeCommonTags: couldn't write 'track' tag to 'iTunes Music/The Great Gatsby (Music from Baz Luhrman/17 Into the Past.m4a' as it's not a positive integer
writeCommonTags: couldn't write 'track' tag to 'iTunes Music/The Great Gatsby (Music from Baz Luhrman/18 Kill and Run.m4a' as it's not a positive integer
writeCommonTags: couldn't write 'track' tag to 'iTunes Music/The Great Gatsby (Music from Baz Luhrman/19 Over the Love (Of You).m4a' as it's not a positive integer
writeCommonTags: couldn't write 'track' tag to 'iTunes Music/The Great Gatsby (Music from Baz Luhrman/20 Young and Beautiful (DH Orchestra.m4a' as it's not a positive integer
writeCommonTags: couldn't write 'track' tag to 'iTunes Music/The Great Gatsby (Music from Baz Luhrman/21 _Gatsby Believed In the Green Lig.m4a' as it's not a positive integer
writeCommonTags: couldn't write 'track' tag to 'iTunes Music/The Twilight Saga_ Breaking Dawn, Pt. 2/13 A Thousand Years, Pt. 2 (feat. St.m4a' as it's not a positive integer
writeCommonTags: couldn't write 'track' tag to 'iTunes Music/You Me At Six/The Final Night of Sin At Wembley Arena/01 The Swarm (Live from Wembley Aren.m4a' as it's not a positive integer
writeCommonTags: couldn't write 'track' tag to 'iTunes Music/You Me At Six/The Final Night of Sin At Wembley Arena/02 Loverboy (Live from Wembley Arena.m4a' as it's not a positive integer
writeCommonTags: couldn't write 'track' tag to 'iTunes Music/You Me At Six/The Final Night of Sin At Wembley Arena/03 Little Death (Live from Wembley A.m4a' as it's not a positive integer
writeCommonTags: couldn't write 'track' tag to 'iTunes Music/You Me At Six/The Final Night of Sin At Wembley Arena/04 Kiss and Tell (Live from Wembley.m4a' as it's not a positive integer
writeCommonTags: couldn't write 'track' tag to 'iTunes Music/You Me At Six/The Final Night of Sin At Wembley Arena/05 The Dilemma (Live from Wembley Ar.m4a' as it's not a positive integer
writeCommonTags: couldn't write 'track' tag to 'iTunes Music/You Me At Six/The Final Night of Sin At Wembley Arena/06 The Consequence (Live from Wemble.m4a' as it's not a positive integer
writeCommonTags: couldn't write 'track' tag to 'iTunes Music/You Me At Six/The Final Night of Sin At Wembley Arena/07 Jaws On the Floor (Live from Wemb.m4a' as it's not a positive integer
writeCommonTags: couldn't write 'track' tag to 'iTunes Music/You Me At Six/The Final Night of Sin At Wembley Arena/08 Take Off Your Colours (Live from.m4a' as it's not a positive integer
writeCommonTags: couldn't write 'track' tag to 'iTunes Music/You Me At Six/The Final Night of Sin At Wembley Arena/09 Save It for the Bedroom (Live fro.m4a' as it's not a positive integer
writeCommonTags: couldn't write 'track' tag to 'iTunes Music/You Me At Six/The Final Night of Sin At Wembley Arena/10 Always Attract (Live from Wembley.m4a' as it's not a positive integer
writeCommonTags: couldn't write 'track' tag to 'iTunes Music/You Me At Six/The Final Night of Sin At Wembley Arena/11 Crash (Live from Wembley Arena).m4a' as it's not a positive integer
writeCommonTags: couldn't write 'track' tag to 'iTunes Music/You Me At Six/The Final Night of Sin At Wembley Arena/12 Finders Keepers (Live from Wemble.m4a' as it's not a positive integer
writeCommonTags: couldn't write 'track' tag to 'iTunes Music/You Me At Six/The Final Night of Sin At Wembley Arena/13 Playing the Blame Game (Live from.m4a' as it's not a positive integer
writeCommonTags: couldn't write 'track' tag to 'iTunes Music/You Me At Six/The Final Night of Sin At Wembley Arena/14 Liquid Confidence (Nothing to Los.m4a' as it's not a positive integer
writeCommonTags: couldn't write 'track' tag to 'iTunes Music/You Me At Six/The Final Night of Sin At Wembley Arena/15 Reckless (Live from Wembley Arena.m4a' as it's not a positive integer
writeCommonTags: couldn't write 'track' tag to 'iTunes Music/You Me At Six/The Final Night of Sin At Wembley Arena/16 Fireworks (Live from Wembley Aren.m4a' as it's not a positive integer
writeCommonTags: couldn't write 'track' tag to 'iTunes Music/You Me At Six/The Final Night of Sin At Wembley Arena/17 When We Were Younger (Live from W.m4a' as it's not a positive integer
writeCommonTags: couldn't write 'track' tag to 'iTunes Music/You Me At Six/The Final Night of Sin At Wembley Arena/18 Stay With Me (Live from Wembley A.m4a' as it's not a positive integer
writeCommonTags: couldn't write 'track' tag to 'iTunes Music/You Me At Six/The Final Night of Sin At Wembley Arena/19 Bite My Tongue (Live from Wembley.m4a' as it's not a positive integer
writeCommonTags: couldn't write 'track' tag to 'iTunes Music/You Me At Six/The Final Night of Sin At Wembley Arena/20 Underdog (Live from Wembley Arena.m4a' as it's not a positive integer
writeCommonTags: couldn't write 'track' tag to 'iTunes Music/Zedd/Clarity/01 Hourglass (feat. LIZ).m4a' as it's not a positive integer
writeCommonTags: couldn't write 'track' tag to 'iTunes Music/Zedd/Clarity/02 Shave It Up.m4a' as it's not a positive integer
writeCommonTags: couldn't write 'track' tag to 'iTunes Music/Zedd/Clarity/03 Spectrum (feat. Matthew Koma).m4a' as it's not a positive integer
writeCommonTags: couldn't write 'track' tag to 'iTunes Music/Zedd/Clarity/04 Lost At Sea (feat. Ryan Tedder).m4a' as it's not a positive integer
writeCommonTags: couldn't write 'track' tag to 'iTunes Music/Zedd/Clarity/05 Clarity (feat. Foxes).m4a' as it's not a positive integer
writeCommonTags: couldn't write 'track' tag to 'iTunes Music/Zedd/Clarity/06 Codec.m4a' as it's not a positive integer
writeCommonTags: couldn't write 'track' tag to 'iTunes Music/Zedd/Clarity/07 Stache.m4a' as it's not a positive integer
writeCommonTags: couldn't write 'track' tag to 'iTunes Music/Zedd/Clarity/08 Fall Into the Sky (feat. Ellie Go.m4a' as it's not a positive integer
writeCommonTags: couldn't write 'track' tag to 'iTunes Music/Zedd/Clarity/09 Follow You Down (feat. Bright Lig.m4a' as it's not a positive integer
writeCommonTags: couldn't write 'track' tag to 'iTunes Music/Zedd/Clarity/10 Epos.m4a' as it's not a positive integer
writeCommonTags: couldn't write 'track' tag to 'iTunes Music/Zedd/Clarity (Deluxe Edition)/11 Stay the Night (feat. Hayley Will.m4a' as it's not a positive integer
writeCommonTags: couldn't write 'track' tag to 'iTunes Music/This Town Needs Guns/13.0.0.0.0/01 Cat Fantastic.m4a' as it's not a positive integer
writeCommonTags: couldn't write 'track' tag to 'iTunes Music/This Town Needs Guns/13.0.0.0.0/02 Havoc in the Forum.m4a' as it's not a positive integer
writeCommonTags: couldn't write 'track' tag to 'iTunes Music/This Town Needs Guns/13.0.0.0.0/03 Left Aligned.m4a' as it's not a positive integer
writeCommonTags: couldn't write 'track' tag to 'iTunes Music/This Town Needs Guns/13.0.0.0.0/04 In the Branches of Yggdrasil.m4a' as it's not a positive integer
writeCommonTags: couldn't write 'track' tag to 'iTunes Music/This Town Needs Guns/13.0.0.0.0/05 I'll Take the Minute Snake.m4a' as it's not a positive integer
writeCommonTags: couldn't write 'track' tag to 'iTunes Music/This Town Needs Guns/13.0.0.0.0/06 2 Birds, 1 Stone and an Empty Sto.m4a' as it's not a positive integer
writeCommonTags: couldn't write 'track' tag to 'iTunes Music/This Town Needs Guns/13.0.0.0.0/07 Nice Riff, Clichard.m4a' as it's not a positive integer
writeCommonTags: couldn't write 'track' tag to 'iTunes Music/This Town Needs Guns/13.0.0.0.0/08 Triptych.m4a' as it's not a positive integer
writeCommonTags: couldn't write 'track' tag to 'iTunes Music/This Town Needs Guns/13.0.0.0.0/09 Pygmy Polygamy.m4a' as it's not a positive integer
writeCommonTags: couldn't write 'track' tag to 'iTunes Music/This Town Needs Guns/13.0.0.0.0/10 A Different Kind of Tall (Small).m4a' as it's not a positive integer
writeCommonTags: couldn't write 'track' tag to 'iTunes Music/This Town Needs Guns/13.0.0.0.0/11 +3 Awesomeness Repels Water.m4a' as it's not a positive integer
writeCommonTags: couldn't write 'track' tag to 'iTunes Music/This Town Needs Guns/13.0.0.0.0/12 13.0.0.0.1.m4a' as it's not a positive integer
writeCommonTags: couldn't write 'track' tag to 'iTunes Music/This Town Needs Guns/Adventure, Stamina & Anger - Single/01 Adventure, Stamina & Anger.m4a' as it's not a positive integer
writeCommonTags: couldn't write 'track' tag to 'iTunes Music/This Town Needs Guns/Adventure, Stamina & Anger - Single/02 Mnspector Iorse.m4a' as it's not a positive integer
writeCommonTags: couldn't write 'track' tag to 'iTunes Music/This Town Needs Guns/Animals (Bonus Track Version)/01 Pig.m4a' as it's not a positive integer
writeCommonTags: couldn't write 'track' tag to 'iTunes Music/This Town Needs Guns/Animals (Bonus Track Version)/02 Baboon.m4a' as it's not a positive integer
writeCommonTags: couldn't write 'track' tag to 'iTunes Music/This Town Needs Guns/Animals (Bonus Track Version)/03 Panda.m4a' as it's not a positive integer
writeCommonTags: couldn't write 'track' tag to 'iTunes Music/This Town Needs Guns/Animals (Bonus Track Version)/04 Gibbon.m4a' as it's not a positive integer
writeCommonTags: couldn't write 'track' tag to 'iTunes Music/This Town Needs Guns/Animals (Bonus Track Version)/05 Rabbit.m4a' as it's not a positive integer
writeCommonTags: couldn't write 'track' tag to 'iTunes Music/This Town Needs Guns/Animals (Bonus Track Version)/06 Badger.m4a' as it's not a positive integer
writeCommonTags: couldn't write 'track' tag to 'iTunes Music/This Town Needs Guns/Animals (Bonus Track Version)/07 Elk.m4a' as it's not a positive integer
writeCommonTags: couldn't write 'track' tag to 'iTunes Music/This Town Needs Guns/Animals (Bonus Track Version)/08 Crocodile.m4a' as it's not a positive integer
writeCommonTags: couldn't write 'track' tag to 'iTunes Music/This Town Needs Guns/Animals (Bonus Track Version)/09 Quetzel.m4a' as it's not a positive integer
writeCommonTags: couldn't write 'track' tag to 'iTunes Music/This Town Needs Guns/Animals (Bonus Track Version)/10 Chinchilla.m4a' as it's not a positive integer
writeCommonTags: couldn't write 'track' tag to 'iTunes Music/This Town Needs Guns/Animals (Bonus Track Version)/11 Dog.m4a' as it's not a positive integer
writeCommonTags: couldn't write 'track' tag to 'iTunes Music/This Town Needs Guns/Animals (Bonus Track Version)/12 Lemur.m4a' as it's not a positive integer
writeCommonTags: couldn't write 'track' tag to 'iTunes Music/This Town Needs Guns/Animals (Bonus Track Version)/13 Zebra.m4a' as it's not a positive integer
writeCommonTags: couldn't write 'track' tag to 'iTunes Music/This Town Needs Guns/Animals (Bonus Track Version)/14 If I Sit Still, Maybe I'll Get Ou.m4a' as it's not a positive integer
writeCommonTags: couldn't write 'track' tag to 'iTunes Music/This Town Needs Guns/Animals (Bonus Track Version)/15 26 Is Dancier Than 4 (Bonus Track.m4a' as it's not a positive integer
writeCommonTags: couldn't write 'track' tag to 'iTunes Music/This Town Needs Guns/First Demo - EP/01 They Speak With Strange Accents.m4a' as it's not a positive integer
writeCommonTags: couldn't write 'track' tag to 'iTunes Music/This Town Needs Guns/First Demo - EP/02 This Is Wrong.m4a' as it's not a positive integer
writeCommonTags: couldn't write 'track' tag to 'iTunes Music/This Town Needs Guns/First Demo - EP/03 Forever and Always.m4a' as it's not a positive integer
writeCommonTags: couldn't write 'track' tag to 'iTunes Music/This Town Needs Guns/First Demo - EP/04 Vaguer Transmission.m4a' as it's not a positive integer
writeCommonTags: couldn't write 'track' tag to 'iTunes Music/This Town Needs Guns/This Town Needs Guns/01 26 Is Dancier Than 4.m4a' as it's not a positive integer
writeCommonTags: couldn't write 'track' tag to 'iTunes Music/This Town Needs Guns/This Town Needs Guns/02 And I'll Tell You for Why.m4a' as it's not a positive integer
writeCommonTags: couldn't write 'track' tag to 'iTunes Music/This Town Needs Guns/This Town Needs Guns/03 I'll Forget About You Throwing Th.m4a' as it's not a positive integer
writeCommonTags: couldn't write 'track' tag to 'iTunes Music/This Town Needs Guns/This Town Needs Guns/04 1470 Man.m4a' as it's not a positive integer
writeCommonTags: couldn't write 'track' tag to 'iTunes Music/This Town Needs Guns/This Town Needs Guns/05 Want to Come Back to My Room and.m4a' as it's not a positive integer
writeCommonTags: couldn't write 'track' tag to 'iTunes Music/This Town Needs Guns/This Town Needs Guns/06 If I Sit Still, Maybe I'll Get Ou.m4a' as it's not a positive integer
writeCommonTags: couldn't write 'track' tag to 'iTunes Music/This Town Needs Guns/This Town Needs Guns/07 Japanese Ultraviolence In D Minor.m4a' as it's not a positive integer
writeCommonTags: couldn't write 'track' tag to 'iTunes Music/This Town Needs Guns/This Town Needs Guns/08 It's Not True Rufus, Don't Listen.m4a' as it's not a positive integer
writeCommonTags: couldn't write 'year' tag to 'iTunes Music/The xx/xx/04 Islands.m4a' as it's not a positive integer
writeCommonTags: couldn't write 'track' tag to 'iTunes Music/The xx/xx/04 Islands.m4a' as it's not a positive integer
writeCommonTags: couldn't write 'track' tag to 'iTunes Music/The xx/xx (Bonus Track Version)/01 Intro.m4a' as it's not a positive integer
writeCommonTags: couldn't write 'track' tag to 'iTunes Music/The xx/xx (Bonus Track Version)/02 VCR.m4a' as it's not a positive integer
writeCommonTags: couldn't write 'track' tag to 'iTunes Music/The xx/xx (Bonus Track Version)/03 Crystalised.m4a' as it's not a positive integer
writeCommonTags: couldn't write 'track' tag to 'iTunes Music/The xx/xx (Bonus Track Version)/05 Heart Skipped a Beat.m4a' as it's not a positive integer
writeCommonTags: couldn't write 'track' tag to 'iTunes Music/The xx/xx (Bonus Track Version)/06 Fantasy.m4a' as it's not a positive integer
writeCommonTags: couldn't write 'track' tag to 'iTunes Music/The xx/xx (Bonus Track Version)/07 Shelter.m4a' as it's not a positive integer
writeCommonTags: couldn't write 'track' tag to 'iTunes Music/The xx/xx (Bonus Track Version)/08 Basic Space.m4a' as it's not a positive integer
writeCommonTags: couldn't write 'track' tag to 'iTunes Music/The xx/xx (Bonus Track Version)/09 Infinity.m4a' as it's not a positive integer
writeCommonTags: couldn't write 'track' tag to 'iTunes Music/The xx/xx (Bonus Track Version)/10 Night Time.m4a' as it's not a positive integer
writeCommonTags: couldn't write 'track' tag to 'iTunes Music/The xx/xx (Bonus Track Version)/11 Stars.m4a' as it's not a positive integer
writeCommonTags: couldn't write 'track' tag to 'iTunes Music/The xx/xx (Bonus Track Version)/12 Hot Like Fire (Bonus Track).m4a' as it's not a positive integer
writeCommonTags: couldn't write 'year' tag to 'iTunes Music/The xx/Angels - Single/01 Angels.m4a' as it's not a positive integer
writeCommonTags: couldn't write 'track' tag to 'iTunes Music/The xx/Angels - Single/01 Angels.m4a' as it's not a positive integer
writeCommonTags: couldn't write 'track' tag to 'iTunes Music/The xx/Coexist/02 Chained.m4a' as it's not a positive integer
writeCommonTags: couldn't write 'track' tag to 'iTunes Music/The xx/Coexist/03 Fiction.m4a' as it's not a positive integer
writeCommonTags: couldn't write 'track' tag to 'iTunes Music/The xx/Coexist/04 Try.m4a' as it's not a positive integer
writeCommonTags: couldn't write 'track' tag to 'iTunes Music/The xx/Coexist/05 Reunion.m4a' as it's not a positive integer
writeCommonTags: couldn't write 'track' tag to 'iTunes Music/The xx/Coexist/06 Sunset.m4a' as it's not a positive integer
writeCommonTags: couldn't write 'track' tag to 'iTunes Music/The xx/Coexist/07 Missing.m4a' as it's not a positive integer
writeCommonTags: couldn't write 'track' tag to 'iTunes Music/The xx/Coexist/08 Tides.m4a' as it's not a positive integer
writeCommonTags: couldn't write 'track' tag to 'iTunes Music/The xx/Coexist/09 Unfold.m4a' as it's not a positive integer
writeCommonTags: couldn't write 'track' tag to 'iTunes Music/The xx/Coexist/10 Swept Away.m4a' as it's not a positive integer
writeCommonTags: couldn't write 'track' tag to 'iTunes Music/The xx/Coexist/11 Our Song.m4a' as it's not a positive integer
[2015/11/12 04:40:05 PM] Constructed window is bigger than terminal size
[2015/11/12 04:40:07 PM] Constructed window is bigger than terminal size
[2015/11/12 04:40:07 PM] Constructed window is bigger than terminal size
[2015/11/12 04:40:08 PM] Constructed window is bigger than terminal size
[2015/11/12 04:40:08 PM] Constructed window is bigger than terminal size
[2015/11/12 04:40:08 PM] Constructed window is bigger than terminal size
[2015/11/12 04:40:08 PM] Constructed window is bigger than terminal size
[2015/11/12 04:40:09 PM] Constructed window is bigger than terminal size
[2015/11/12 04:40:09 PM] Constructed window is bigger than terminal size
[2015/11/12 04:40:10 PM] Constructed window is bigger than terminal size
[2015/11/12 04:40:10 PM] Constructed window is bigger than terminal size
[2015/11/12 04:40:11 PM] Constructed window is bigger than terminal size
[2015/11/20 11:46:36 PM] Constructed window is bigger than terminal size
writeCommonTags: couldn't write 'track' tag to 'iTunes Music/Zedd/Clarity (Deluxe Edition)/11 Stay the Night (feat. Hayley Will.m4a' as it's not a positive integer
writeCommonTags: couldn't write 'track' tag to 'iTunes Music/Zedd/Clarity (Deluxe Edition)/11 Stay the Night (feat. Hayley Will.m4a' as it's not a positive integer
writeCommonTags: couldn't write 'track' tag to 'iTunes Music/Zedd/Clarity/01 Hourglass (feat. LIZ).m4a' as it's not a positive integer
writeCommonTags: couldn't write 'track' tag to 'iTunes Music/Zedd/Clarity/02 Shave It Up.m4a' as it's not a positive integer
writeCommonTags: couldn't write 'track' tag to 'iTunes Music/Zedd/Clarity/03 Spectrum (feat. Matthew Koma).m4a' as it's not a positive integer
writeCommonTags: couldn't write 'track' tag to 'iTunes Music/Zedd/Clarity/04 Lost At Sea (feat. Ryan Tedder).m4a' as it's not a positive integer
writeCommonTags: couldn't write 'track' tag to 'iTunes Music/Zedd/Clarity/05 Clarity (feat. Foxes).m4a' as it's not a positive integer
writeCommonTags: couldn't write 'track' tag to 'iTunes Music/Zedd/Clarity/06 Codec.m4a' as it's not a positive integer
writeCommonTags: couldn't write 'track' tag to 'iTunes Music/Zedd/Clarity/07 Stache.m4a' as it's not a positive integer
writeCommonTags: couldn't write 'track' tag to 'iTunes Music/Zedd/Clarity/08 Fall Into the Sky (feat. Ellie Go.m4a' as it's not a positive integer
writeCommonTags: couldn't write 'track' tag to 'iTunes Music/Zedd/Clarity/09 Follow You Down (feat. Bright Lig.m4a' as it's not a positive integer
writeCommonTags: couldn't write 'track' tag to 'iTunes Music/Zedd/Clarity/10 Epos.m4a' as it's not a positive integer
writeCommonTags: couldn't write 'track' tag to 'Sol-Fa - Asian Kung Fu Generation/AAC/01 Sense of Vibration.m4a' as it's not a positive integer
writeCommonTags: couldn't write 'track' tag to 'Sol-Fa - Asian Kung Fu Generation/AAC/02 Rewrite.m4a' as it's not a positive integer
writeCommonTags: couldn't write 'track' tag to 'Sol-Fa - Asian Kung Fu Generation/AAC/03 To Your Town.m4a' as it's not a positive integer
writeCommonTags: couldn't write 'track' tag to 'Sol-Fa - Asian Kung Fu Generation/AAC/04 My World.m4a' as it's not a positive integer
writeCommonTags: couldn't write 'track' tag to 'Sol-Fa - Asian Kung Fu Generation/AAC/05 The Next Night.m4a' as it's not a positive integer
writeCommonTags: couldn't write 'track' tag to 'Sol-Fa - Asian Kung Fu Generation/AAC/06 Last Scene.m4a' as it's not a positive integer
writeCommonTags: couldn't write 'track' tag to 'Sol-Fa - Asian Kung Fu Generation/AAC/07 Siren.m4a' as it's not a positive integer
writeCommonTags: couldn't write 'track' tag to 'Sol-Fa - Asian Kung Fu Generation/AAC/08 ReRe.m4a' as it's not a positive integer
writeCommonTags: couldn't write 'track' tag to 'Sol-Fa - Asian Kung Fu Generation/AAC/09 Midnight.m4a' as it's not a positive integer
writeCommonTags: couldn't write 'track' tag to 'Sol-Fa - Asian Kung Fu Generation/AAC/10 Midnight and Daydreams.m4a' as it's not a positive integer
writeCommonTags: couldn't write 'track' tag to 'Sol-Fa - Asian Kung Fu Generation/AAC/11 Waterfront.m4a' as it's not a positive integer
writeCommonTags: couldn't write 'track' tag to 'Sol-Fa - Asian Kung Fu Generation/AAC/12 Loop & Loop.m4a' as it's not a positive integer
writeCommonTags: couldn't write 'track' tag to 'Under Blankets - crwn/Under Blankets.wav' as it's not a positive integer
writeCommonTags: couldn't write 'track' tag to 'Downtown Battle Mountain II - Dance Gavin Dance/Perfect.m4a' as it's not a positive integer
